<?xml version="1.0" encoding="UTF-8"?>
<!-- Generated by org.testng.reporters.JUnitReportReporter -->
<testsuite hostname="LAPTOP-NU1V4IQS" failures="0" tests="1" name="testng.OneTCExample" time="0.014" errors="0" timestamp="2024-07-20T22:11:24 IST" skipped="0">
  <testcase classname="testng.OneTCExample" name="TestCase_01" time="0.014"/>
  <system-out/>
</testsuite> <!-- testng.OneTCExample -->
